c:\users\dhucu\carboncd\bin\release\carboncd.pch
c:\users\dhucu\carboncd\bin\release\vc145.pdb
c:\users\dhucu\carboncd\bin\release\stdafx.obj
c:\users\dhucu\carboncd\bin\release\isowriter.obj
c:\users\dhucu\carboncd\bin\release\isocreator.obj
c:\users\dhucu\carboncd\bin\release\imagefile.obj
c:\users\dhucu\carboncd\bin\release\filelist.obj
c:\users\dhucu\carboncd\bin\release\erasedialog.obj
c:\users\dhucu\carboncd\bin\release\drivecapabilitydialog.obj
c:\users\dhucu\carboncd\bin\release\dirstructure.obj
c:\users\dhucu\carboncd\bin\release\devicelist.obj
c:\users\dhucu\carboncd\bin\release\cuesheetparser.obj
c:\users\dhucu\carboncd\bin\release\createthread.obj
c:\users\dhucu\carboncd\bin\release\createprogressdialog.obj
c:\users\dhucu\carboncd\bin\release\checksector.obj
c:\users\dhucu\carboncd\bin\release\cdwriter.obj
c:\users\dhucu\carboncd\bin\release\cdtype.obj
c:\users\dhucu\carboncd\bin\release\cdmdlg.obj
c:\users\dhucu\carboncd\bin\release\cdm.obj
c:\users\dhucu\carboncd\bin\release\cdcontroller.obj
c:\users\dhucu\carboncd\bin\release\buttonex.obj
c:\users\dhucu\carboncd\bin\release\aspidriver.obj
c:\users\dhucu\carboncd\bin\release\aspi.obj
c:\users\dhucu\carboncd\bin\release\readsettingdialog4.obj
c:\users\dhucu\carboncd\bin\release\readsettingdialog3.obj
c:\users\dhucu\carboncd\bin\release\readsettingdialog2.obj
c:\users\dhucu\carboncd\bin\release\readsettingdialog1.obj
c:\users\dhucu\carboncd\bin\release\readsettingdialog.obj
c:\users\dhucu\carboncd\bin\release\readprogressdialog.obj
c:\users\dhucu\carboncd\bin\release\pregapanalyzer.obj
c:\users\dhucu\carboncd\bin\release\pbbuffer.obj
c:\users\dhucu\carboncd\bin\release\msfdialog.obj
c:\users\dhucu\carboncd\bin\release\mmcwriter.obj
c:\users\dhucu\carboncd\bin\release\mmcsubcodereader.obj
c:\users\dhucu\carboncd\bin\release\mmcreader.obj
c:\users\dhucu\carboncd\bin\release\messagedialog.obj
c:\users\dhucu\carboncd\bin\release\masteringpage3.obj
c:\users\dhucu\carboncd\bin\release\masteringpage2.obj
c:\users\dhucu\carboncd\bin\release\masteringpage1.obj
c:\users\dhucu\carboncd\bin\release\masteringfiledialog.obj
c:\users\dhucu\carboncd\bin\release\logwindow.obj
c:\users\dhucu\carboncd\bin\release\languagedialog.obj
c:\users\dhucu\carboncd\bin\release\language.obj
c:\users\dhucu\carboncd\bin\release\writeprogressdialog.obj
c:\users\dhucu\carboncd\bin\release\tocwindow.obj
c:\users\dhucu\carboncd\bin\release\themecontroller.obj
c:\users\dhucu\carboncd\bin\release\subqthread.obj
c:\users\dhucu\carboncd\bin\release\subqprogressdialog.obj
c:\users\dhucu\carboncd\bin\release\subcodegeneratorms.obj
c:\users\dhucu\carboncd\bin\release\subcodegenerator.obj
c:\users\dhucu\carboncd\bin\release\sptidriver.obj
c:\users\dhucu\carboncd\bin\release\settingpage4.obj
c:\users\dhucu\carboncd\bin\release\settingpage3.obj
c:\users\dhucu\carboncd\bin\release\settingpage2.obj
c:\users\dhucu\carboncd\bin\release\settingpage1.obj
c:\users\dhucu\carboncd\bin\release\settingdialog.obj
c:\users\dhucu\carboncd\bin\release\setting.obj
c:\users\dhucu\carboncd\bin\release\readtrackdialog.obj
c:\users\dhucu\carboncd\bin\release\readthreadss.obj
c:\users\dhucu\carboncd\bin\release\readthreadms.obj
c:\users\dhucu\carboncd\bin\release\readthreadcompare.obj
c:\users\dhucu\carboncd\bin\release\readthreadalpha.obj
c:\users\dhucu\carboncd\bin\release\readthread.obj
c:\users\dhucu\carboncd\bin\release\writesettingdialog.obj
c:\users\dhucu\carboncd\bin\release\writethread.obj
c:\users\dhucu\carboncd\bin\release\carboncd.exe
c:\users\dhucu\carboncd\bin\release\carboncd.pdb
c:\users\dhucu\carboncd\bin\release\cdm.res
c:\users\dhucu\carboncd\bin\release\carboncd.tlog\cl.command.1.tlog
c:\users\dhucu\carboncd\bin\release\carboncd.tlog\cl.items.tlog
c:\users\dhucu\carboncd\bin\release\carboncd.tlog\cl.read.1.tlog
c:\users\dhucu\carboncd\bin\release\carboncd.tlog\cl.write.1.tlog
c:\users\dhucu\carboncd\bin\release\carboncd.tlog\link.command.1.tlog
c:\users\dhucu\carboncd\bin\release\carboncd.tlog\link.read.1.tlog
c:\users\dhucu\carboncd\bin\release\carboncd.tlog\link.secondary.1.tlog
c:\users\dhucu\carboncd\bin\release\carboncd.tlog\link.write.1.tlog
c:\users\dhucu\carboncd\bin\release\carboncd.tlog\rc.command.1.tlog
c:\users\dhucu\carboncd\bin\release\carboncd.tlog\rc.read.1.tlog
c:\users\dhucu\carboncd\bin\release\carboncd.tlog\rc.write.1.tlog
